TN:
SF:src/hooks/use-mobile.tsx
FN:5,useIsMobile
FN:8,(anonymous_1)
FN:10,(anonymous_2)
FN:15,(anonymous_3)
FNF:4
FNH:0
FNDA:0,useIsMobile
FNDA:0,(anonymous_1)
FNDA:0,(anonymous_2)
FNDA:0,(anonymous_3)
DA:1,0
DA:3,0
DA:5,0
DA:6,0
DA:8,0
DA:9,0
DA:10,0
DA:11,0
DA:13,0
DA:14,0
DA:15,0
DA:18,0
LF:12
LH:0
BRF:0
BRH:0
end_of_record
TN:
SF:src/hooks/useGameState.ts
FN:22,(anonymous_0)
FN:27,(anonymous_1)
FN:33,(anonymous_2)
FN:37,(anonymous_3)
FN:42,(anonymous_4)
FN:46,(anonymous_5)
FNF:6
FNH:6
FNDA:30,(anonymous_0)
FNDA:1,(anonymous_1)
FNDA:8,(anonymous_2)
FNDA:7,(anonymous_3)
FNDA:2,(anonymous_4)
FNDA:30,(anonymous_5)
DA:1,1
DA:22,1
DA:23,30
DA:24,30
DA:25,30
DA:27,30
DA:28,1
DA:29,1
DA:30,1
DA:33,30
DA:34,8
DA:37,30
DA:38,7
DA:39,7
DA:42,30
DA:43,2
DA:46,30
DA:47,30
DA:52,7
DA:54,23
DA:57,11
DA:59,5
DA:60,5
DA:62,0
DA:64,7
DA:68,30
LF:26
LH:25
BRDA:47,0,0,7
BRDA:47,0,1,23
BRDA:48,1,0,30
BRDA:48,1,1,9
BRDA:48,1,2,8
BRDA:54,2,0,9
BRDA:54,2,1,11
BRDA:54,2,2,5
BRDA:54,2,3,7
BRDA:59,3,0,5
BRDA:59,3,1,0
BRF:11
BRH:10
end_of_record
TN:
SF:src/hooks/useGameTimer.ts
FN:8,(anonymous_0)
FN:14,(anonymous_1)
FN:33,(anonymous_2)
FN:38,(anonymous_3)
FN:43,(anonymous_4)
FN:59,(anonymous_5)
FN:65,(anonymous_6)
FN:79,(anonymous_7)
FN:93,(anonymous_8)
FNF:9
FNH:0
FNDA:0,(anonymous_0)
FNDA:0,(anonymous_1)
FNDA:0,(anonymous_2)
FNDA:0,(anonymous_3)
FNDA:0,(anonymous_4)
FNDA:0,(anonymous_5)
FNDA:0,(anonymous_6)
FNDA:0,(anonymous_7)
FNDA:0,(anonymous_8)
DA:1,0
DA:8,0
DA:9,0
DA:10,0
DA:11,0
DA:12,0
DA:14,0
DA:15,0
DA:16,0
DA:17,0
DA:18,0
DA:20,0
DA:21,0
DA:22,0
DA:24,0
DA:26,0
DA:33,0
DA:34,0
DA:37,0
DA:39,0
DA:40,0
DA:42,0
DA:43,0
DA:44,0
DA:45,0
DA:46,0
DA:50,0
DA:58,0
DA:60,0
DA:61,0
DA:62,0
DA:65,0
DA:66,0
DA:67,0
DA:71,0
DA:79,0
DA:80,0
DA:81,0
DA:82,0
DA:84,0
DA:86,0
DA:89,0
DA:93,0
DA:94,0
DA:97,0
LF:45
LH:0
BRDA:16,0,0,0
BRDA:16,0,1,0
BRDA:20,1,0,0
BRDA:20,1,1,0
BRDA:26,2,0,0
BRDA:26,2,1,0
BRDA:26,3,0,0
BRDA:26,3,1,0
BRDA:27,4,0,0
BRDA:27,4,1,0
BRDA:44,5,0,0
BRDA:44,5,1,0
BRDA:50,6,0,0
BRDA:50,6,1,0
BRDA:50,7,0,0
BRDA:50,7,1,0
BRDA:51,8,0,0
BRDA:51,8,1,0
BRDA:61,9,0,0
BRDA:61,9,1,0
BRDA:66,10,0,0
BRDA:66,10,1,0
BRDA:71,11,0,0
BRDA:71,11,1,0
BRDA:71,12,0,0
BRDA:71,12,1,0
BRDA:72,13,0,0
BRDA:72,13,1,0
BRDA:81,14,0,0
BRDA:81,14,1,0
BRDA:86,15,0,0
BRDA:86,15,1,0
BRDA:86,16,0,0
BRDA:86,16,1,0
BRDA:87,17,0,0
BRDA:87,17,1,0
BRF:36
BRH:0
end_of_record
TN:
SF:src/lib/errors.ts
FN:7,(anonymous_7)
FN:17,(anonymous_8)
FN:48,(anonymous_9)
FN:70,(anonymous_10)
FN:89,(anonymous_11)
FN:102,(anonymous_12)
FN:112,(anonymous_13)
FN:142,(anonymous_14)
FN:160,(anonymous_15)
FN:223,(anonymous_16)
FN:233,(anonymous_17)
FN:241,(anonymous_18)
FN:242,(anonymous_19)
FN:245,(anonymous_20)
FN:246,(anonymous_21)
FN:251,(anonymous_22)
FN:252,(anonymous_23)
FN:256,(anonymous_24)
FN:266,(anonymous_25)
FN:275,(anonymous_26)
FN:279,(anonymous_27)
FN:297,(anonymous_28)
FN:301,(anonymous_29)
FN:301,(anonymous_30)
FN:312,(anonymous_31)
FN:316,(anonymous_32)
FNF:26
FNH:20
FNDA:1,(anonymous_7)
FNDA:1,(anonymous_8)
FNDA:5,(anonymous_9)
FNDA:2,(anonymous_10)
FNDA:2,(anonymous_11)
FNDA:2,(anonymous_12)
FNDA:8,(anonymous_13)
FNDA:0,(anonymous_14)
FNDA:8,(anonymous_15)
FNDA:11,(anonymous_16)
FNDA:1,(anonymous_17)
FNDA:1,(anonymous_18)
FNDA:3,(anonymous_19)
FNDA:1,(anonymous_20)
FNDA:3,(anonymous_21)
FNDA:3,(anonymous_22)
FNDA:1,(anonymous_23)
FNDA:1,(anonymous_24)
FNDA:1,(anonymous_25)
FNDA:1,(anonymous_26)
FNDA:1,(anonymous_27)
FNDA:0,(anonymous_28)
FNDA:0,(anonymous_29)
FNDA:0,(anonymous_30)
FNDA:0,(anonymous_31)
FNDA:0,(anonymous_32)
DA:7,1
DA:8,1
DA:9,1
DA:10,1
DA:11,1
DA:12,1
DA:13,1
DA:14,1
DA:17,1
DA:18,1
DA:19,1
DA:20,1
DA:21,1
DA:41,1
DA:42,5
DA:55,5
DA:56,5
DA:57,5
DA:58,5
DA:59,5
DA:60,5
DA:64,1
DA:65,2
DA:76,2
DA:77,2
DA:78,2
DA:79,2
DA:80,2
DA:84,1
DA:85,2
DA:86,2
DA:90,2
DA:91,2
DA:92,2
DA:96,1
DA:97,2
DA:98,2
DA:103,2
DA:104,2
DA:105,2
DA:106,2
DA:111,1
DA:114,8
DA:115,0
DA:116,0
DA:117,0
DA:118,0
DA:119,0
DA:120,0
DA:121,0
DA:125,8
DA:126,8
DA:127,8
DA:130,8
DA:131,8
DA:133,2
DA:137,8
DA:138,0
DA:144,0
DA:145,0
DA:152,0
DA:153,0
DA:154,0
DA:156,0
DA:163,8
DA:167,3
DA:175,3
DA:176,0
DA:178,3
DA:179,0
DA:181,3
DA:182,0
DA:183,3
DA:184,0
DA:187,3
DA:188,5
DA:189,4
DA:196,4
DA:197,4
DA:199,4
DA:200,1
DA:203,4
DA:205,1
DA:212,1
DA:213,0
DA:216,1
DA:219,8
DA:220,8
DA:224,11
DA:225,11
DA:226,11
DA:228,0
DA:229,0
DA:234,1
DA:235,1
DA:237,0
DA:242,3
DA:246,3
DA:251,1
DA:252,3
DA:253,1
DA:256,3
DA:263,1
DA:266,3
DA:272,1
DA:275,3
DA:276,1
DA:279,3
DA:280,1
DA:283,3
DA:297,1
DA:301,0
DA:302,0
DA:303,0
DA:305,0
DA:306,0
DA:312,1
DA:316,0
DA:317,0
DA:318,0
DA:320,0
DA:321,0
LF:122
LH:90
BRDA:7,0,0,1
BRDA:7,0,1,1
BRDA:17,1,0,1
BRDA:17,1,1,1
BRDA:50,2,0,2
BRDA:58,3,0,1
BRDA:58,3,1,4
BRDA:59,4,0,1
BRDA:59,4,1,4
BRDA:60,5,0,1
BRDA:60,5,1,4
BRDA:72,6,0,0
BRDA:79,7,0,1
BRDA:79,7,1,1
BRDA:80,8,0,1
BRDA:80,8,1,1
BRDA:92,9,0,1
BRDA:92,9,1,1
BRDA:105,10,0,1
BRDA:105,10,1,1
BRDA:106,11,0,1
BRDA:106,11,1,1
BRDA:114,12,0,0
BRDA:114,12,1,8
BRDA:137,13,0,0
BRDA:137,13,1,8
BRDA:144,14,0,0
BRDA:144,14,1,0
BRDA:144,15,0,0
BRDA:144,15,1,0
BRDA:163,16,0,3
BRDA:163,16,1,5
BRDA:163,17,0,8
BRDA:163,17,1,5
BRDA:163,17,2,5
BRDA:163,17,3,5
BRDA:175,18,0,0
BRDA:175,18,1,3
BRDA:175,19,0,3
BRDA:175,19,1,0
BRDA:178,20,0,0
BRDA:178,20,1,3
BRDA:178,21,0,3
BRDA:178,21,1,0
BRDA:181,22,0,0
BRDA:181,22,1,3
BRDA:181,23,0,3
BRDA:181,23,1,0
BRDA:183,24,0,0
BRDA:183,24,1,3
BRDA:188,25,0,4
BRDA:188,25,1,1
BRDA:196,26,0,4
BRDA:196,26,1,0
BRDA:199,27,0,1
BRDA:199,27,1,3
BRDA:212,28,0,0
BRDA:212,28,1,1
BRDA:226,29,0,4
BRDA:226,29,1,7
BRDA:258,30,0,1
BRDA:268,31,0,1
BRF:62
BRH:46
end_of_record
TN:
SF:src/lib/utils.ts
FN:4,cn
FNF:1
FNH:0
FNDA:0,cn
DA:1,0
DA:2,0
DA:4,0
DA:5,0
LF:4
LH:0
BRF:0
BRH:0
end_of_record
TN:
SF:src/lib/services/challenge.service.ts
FN:11,(anonymous_7)
FN:63,(anonymous_9)
FN:81,(anonymous_11)
FN:87,(anonymous_12)
FN:105,(anonymous_14)
FN:111,(anonymous_15)
FN:130,(anonymous_17)
FN:137,(anonymous_18)
FN:169,(anonymous_20)
FN:213,(anonymous_22)
FN:231,(anonymous_24)
FN:250,(anonymous_26)
FN:257,(anonymous_27)
FNF:13
FNH:0
FNDA:0,(anonymous_7)
FNDA:0,(anonymous_9)
FNDA:0,(anonymous_11)
FNDA:0,(anonymous_12)
FNDA:0,(anonymous_14)
FNDA:0,(anonymous_15)
FNDA:0,(anonymous_17)
FNDA:0,(anonymous_18)
FNDA:0,(anonymous_20)
FNDA:0,(anonymous_22)
FNDA:0,(anonymous_24)
FNDA:0,(anonymous_26)
FNDA:0,(anonymous_27)
DA:1,0
DA:10,0
DA:15,0
DA:17,0
DA:19,0
DA:20,0
DA:24,0
DA:31,0
DA:32,0
DA:36,0
DA:43,0
DA:44,0
DA:47,0
DA:59,0
DA:60,0
DA:64,0
DA:66,0
DA:68,0
DA:79,0
DA:81,0
DA:88,0
DA:90,0
DA:92,0
DA:103,0
DA:105,0
DA:112,0
DA:114,0
DA:116,0
DA:128,0
DA:130,0
DA:138,0
DA:140,0
DA:142,0
DA:143,0
DA:153,0
DA:155,0
DA:165,0
DA:170,0
DA:172,0
DA:175,0
DA:181,0
DA:182,0
DA:185,0
DA:186,0
DA:190,0
DA:192,0
DA:198,0
DA:200,0
DA:202,0
DA:205,0
DA:210,0
DA:214,0
DA:216,0
DA:218,0
DA:228,0
DA:232,0
DA:234,0
DA:236,0
DA:248,0
DA:250,0
DA:258,0
DA:264,0
LF:62
LH:0
BRDA:17,0,0,0
BRDA:17,0,1,0
BRDA:19,1,0,0
BRDA:19,1,1,0
BRDA:31,2,0,0
BRDA:31,2,1,0
BRDA:43,3,0,0
BRDA:43,3,1,0
BRDA:59,4,0,0
BRDA:59,4,1,0
BRDA:66,5,0,0
BRDA:66,5,1,0
BRDA:79,6,0,0
BRDA:79,6,1,0
BRDA:90,7,0,0
BRDA:90,7,1,0
BRDA:103,8,0,0
BRDA:103,8,1,0
BRDA:114,9,0,0
BRDA:114,9,1,0
BRDA:128,10,0,0
BRDA:128,10,1,0
BRDA:140,11,0,0
BRDA:140,11,1,0
BRDA:142,12,0,0
BRDA:142,12,1,0
BRDA:153,13,0,0
BRDA:153,13,1,0
BRDA:165,14,0,0
BRDA:165,14,1,0
BRDA:172,15,0,0
BRDA:172,15,1,0
BRDA:181,16,0,0
BRDA:181,16,1,0
BRDA:181,17,0,0
BRDA:181,17,1,0
BRDA:185,18,0,0
BRDA:185,18,1,0
BRDA:190,19,0,0
BRDA:190,19,1,0
BRDA:198,20,0,0
BRDA:198,20,1,0
BRDA:200,21,0,0
BRDA:200,21,1,0
BRDA:210,22,0,0
BRDA:210,22,1,0
BRDA:216,23,0,0
BRDA:216,23,1,0
BRDA:228,24,0,0
BRDA:228,24,1,0
BRDA:234,25,0,0
BRDA:234,25,1,0
BRDA:248,26,0,0
BRDA:248,26,1,0
BRDA:264,27,0,0
BRDA:264,27,1,0
BRF:56
BRH:0
end_of_record
TN:
SF:src/lib/services/friend.service.ts
FN:10,(anonymous_7)
FN:59,(anonymous_9)
FN:76,(anonymous_11)
FN:82,(anonymous_12)
FN:100,(anonymous_14)
FN:107,(anonymous_15)
FN:136,(anonymous_17)
FN:150,(anonymous_19)
FN:167,(anonymous_21)
FN:193,(anonymous_23)
FN:194,(anonymous_24)
FN:198,(anonymous_25)
FNF:12
FNH:0
FNDA:0,(anonymous_7)
FNDA:0,(anonymous_9)
FNDA:0,(anonymous_11)
FNDA:0,(anonymous_12)
FNDA:0,(anonymous_14)
FNDA:0,(anonymous_15)
FNDA:0,(anonymous_17)
FNDA:0,(anonymous_19)
FNDA:0,(anonymous_21)
FNDA:0,(anonymous_23)
FNDA:0,(anonymous_24)
FNDA:0,(anonymous_25)
DA:1,0
DA:9,0
DA:11,0
DA:13,0
DA:16,0
DA:22,0
DA:23,0
DA:26,0
DA:27,0
DA:31,0
DA:37,0
DA:38,0
DA:39,0
DA:40,0
DA:41,0
DA:42,0
DA:43,0
DA:48,0
DA:56,0
DA:60,0
DA:62,0
DA:64,0
DA:74,0
DA:76,0
DA:83,0
DA:85,0
DA:87,0
DA:98,0
DA:100,0
DA:108,0
DA:110,0
DA:112,0
DA:113,0
DA:123,0
DA:125,0
DA:132,0
DA:137,0
DA:139,0
DA:141,0
DA:147,0
DA:151,0
DA:153,0
DA:155,0
DA:164,0
DA:173,0
DA:178,0
DA:180,0
DA:187,0
DA:188,0
DA:191,0
DA:192,0
DA:193,0
DA:194,0
DA:196,0
DA:197,0
DA:198,0
DA:200,0
DA:202,0
LF:58
LH:0
BRDA:13,0,0,0
BRDA:13,0,1,0
BRDA:22,1,0,0
BRDA:22,1,1,0
BRDA:22,2,0,0
BRDA:22,2,1,0
BRDA:26,3,0,0
BRDA:26,3,1,0
BRDA:37,4,0,0
BRDA:37,4,1,0
BRDA:38,5,0,0
BRDA:38,5,1,0
BRDA:40,6,0,0
BRDA:40,6,1,0
BRDA:42,7,0,0
BRDA:42,7,1,0
BRDA:56,8,0,0
BRDA:56,8,1,0
BRDA:62,9,0,0
BRDA:62,9,1,0
BRDA:74,10,0,0
BRDA:74,10,1,0
BRDA:85,11,0,0
BRDA:85,11,1,0
BRDA:98,12,0,0
BRDA:98,12,1,0
BRDA:102,13,0,0
BRDA:102,13,1,0
BRDA:103,14,0,0
BRDA:103,14,1,0
BRDA:110,15,0,0
BRDA:110,15,1,0
BRDA:112,16,0,0
BRDA:112,16,1,0
BRDA:123,17,0,0
BRDA:123,17,1,0
BRDA:132,18,0,0
BRDA:132,18,1,0
BRDA:139,19,0,0
BRDA:139,19,1,0
BRDA:147,20,0,0
BRDA:147,20,1,0
BRDA:153,21,0,0
BRDA:153,21,1,0
BRDA:164,22,0,0
BRDA:164,22,1,0
BRDA:178,23,0,0
BRDA:178,23,1,0
BRDA:187,24,0,0
BRDA:187,24,1,0
BRDA:187,25,0,0
BRDA:187,25,1,0
BRDA:196,26,0,0
BRDA:196,26,1,0
BRDA:197,27,0,0
BRDA:197,27,1,0
BRDA:200,28,0,0
BRDA:200,28,1,0
BRDA:200,29,0,0
BRDA:200,29,1,0
BRDA:200,30,0,0
BRDA:200,30,1,0
BRF:62
BRH:0
end_of_record
TN:
SF:src/lib/services/game.service.ts
FN:8,(anonymous_7)
FN:9,(anonymous_8)
FN:73,(anonymous_9)
FN:94,(anonymous_11)
FN:95,(anonymous_12)
FN:102,(anonymous_13)
FN:128,(anonymous_14)
FN:144,(anonymous_15)
FN:159,(anonymous_16)
FN:185,(anonymous_18)
FN:191,(anonymous_19)
FN:206,(anonymous_20)
FN:207,(anonymous_21)
FN:228,(anonymous_22)
FNF:14
FNH:0
FNDA:0,(anonymous_7)
FNDA:0,(anonymous_8)
FNDA:0,(anonymous_9)
FNDA:0,(anonymous_11)
FNDA:0,(anonymous_12)
FNDA:0,(anonymous_13)
FNDA:0,(anonymous_14)
FNDA:0,(anonymous_15)
FNDA:0,(anonymous_16)
FNDA:0,(anonymous_18)
FNDA:0,(anonymous_19)
FNDA:0,(anonymous_20)
FNDA:0,(anonymous_21)
FNDA:0,(anonymous_22)
DA:1,0
DA:4,0
DA:5,0
DA:7,0
DA:9,0
DA:16,0
DA:19,0
DA:20,0
DA:21,0
DA:22,0
DA:25,0
DA:27,0
DA:28,0
DA:29,0
DA:32,0
DA:45,0
DA:46,0
DA:52,0
DA:53,0
DA:57,0
DA:59,0
DA:61,0
DA:68,0
DA:69,0
DA:79,0
DA:86,0
DA:89,0
DA:95,0
DA:98,0
DA:99,0
DA:101,0
DA:102,0
DA:116,0
DA:126,0
DA:128,0
DA:141,0
DA:143,0
DA:144,0
DA:165,0
DA:170,0
DA:172,0
DA:177,0
DA:179,0
DA:180,0
DA:181,0
DA:182,0
DA:185,0
DA:186,0
DA:187,0
DA:188,0
DA:191,0
DA:192,0
DA:193,0
DA:194,0
DA:195,0
DA:198,0
DA:207,0
DA:211,0
DA:217,0
DA:218,0
DA:221,0
DA:223,0
DA:224,0
DA:229,0
DA:230,0
DA:232,0
DA:233,0
DA:236,0
DA:238,0
DA:239,0
DA:240,0
DA:243,0
DA:245,0
DA:247,0
DA:248,0
DA:249,0
DA:260,0
DA:261,0
DA:263,0
DA:266,0
DA:271,0
DA:272,0
DA:273,0
DA:276,0
DA:278,0
DA:279,0
LF:86
LH:0
BRDA:13,0,0,0
BRDA:20,1,0,0
BRDA:20,1,1,0
BRDA:27,2,0,0
BRDA:27,2,1,0
BRDA:45,3,0,0
BRDA:45,3,1,0
BRDA:49,4,0,0
BRDA:49,4,1,0
BRDA:65,5,0,0
BRDA:65,5,1,0
BRDA:86,6,0,0
BRDA:86,6,1,0
BRDA:96,7,0,0
BRDA:99,8,0,0
BRDA:99,8,1,0
BRDA:126,9,0,0
BRDA:126,9,1,0
BRDA:138,10,0,0
BRDA:138,10,1,0
BRDA:170,11,0,0
BRDA:170,11,1,0
BRDA:177,12,0,0
BRDA:177,12,1,0
BRDA:209,13,0,0
BRDA:217,14,0,0
BRDA:217,14,1,0
BRDA:223,15,0,0
BRDA:223,15,1,0
BRDA:232,16,0,0
BRDA:232,16,1,0
BRDA:238,17,0,0
BRDA:238,17,1,0
BRDA:260,18,0,0
BRDA:260,18,1,0
BRDA:271,19,0,0
BRDA:271,19,1,0
BRF:37
BRH:0
end_of_record
